<?xml version="1.0" encoding="UTF-8"?>
<testsuite xmlns:xsi="http://www.w3.org/2001/XMLSchema-instance" xsi:noNamespaceSchemaLocation="https://maven.apache.org/surefire/maven-surefire-plugin/xsd/surefire-test-report-3.0.xsd" version="3.0" name="no.hvl.dat110.unit.tests.TestRemote" time="0.012" tests="1" errors="0" skipped="0" failures="0">
  <properties>
[...]
</properties>
  <testcase name="test" classname="no.hvl.dat110.unit.tests.TestRemote" time="0.011">
    <system-out><![CDATA[Primary = process2
2025-04-14 02:09:51 INFO  UpdateOperations:90 - Trying to update file replicas for peer: 210821560651360572675896360671414673172
2025-04-14 02:09:51 INFO  UpdateOperations:69 - Update file is being performed by this peer: process4 | 149037318589456997023767356092491379363
2025-04-14 02:09:51 INFO  UpdateOperations:69 - Update file is being performed by this peer: process4 | 179241403734895214076219526399432130488
2025-04-14 02:09:51 INFO  UpdateOperations:102 - Finished updating file for peer: 210821560651360572675896360671414673172
2025-04-14 02:09:51 INFO  UpdateOperations:90 - Trying to update file replicas for peer: 15618062003214643351512781541041391612
2025-04-14 02:09:51 INFO  UpdateOperations:69 - Update file is being performed by this peer: process2 | 8256520967608282605234844990226290265
2025-04-14 02:09:51 INFO  UpdateOperations:102 - Finished updating file for peer: 15618062003214643351512781541041391612
2025-04-14 02:09:51 INFO  UpdateOperations:90 - Trying to update file replicas for peer: 121411138451101288395601026024677976156
2025-04-14 02:09:51 INFO  UpdateOperations:69 - Update file is being performed by this peer: process5 | 83550242532527638904138483233262313637
2025-04-14 02:09:51 INFO  UpdateOperations:102 - Finished updating file for peer: 121411138451101288395601026024677976156
]]></system-out>
  </testcase>
</testsuite>